2016-04-16 23:38:39,168 [Worker-85] INFO  o.e.m.c.i.p.ProjectConfigurationManager - Collecting project info '/pom.xml' /Users/milopreet/Documents/workspace_temporary_delete_later/example/pom.xml
2016-04-16 23:38:39,681 [Worker-85] INFO  o.e.m.c.i.l.LifecycleMappingFactory - Using org.maven.ide.eclipse.wtp.WarLifecycleMapping lifecycle mapping for MavenProject: com:example:0.0.1-SNAPSHOT @ /Users/milopreet/Documents/workspace_temporary_delete_later/example/pom.xml.
2016-04-16 23:38:40,056 [Worker-85] INFO  o.e.m.j.i.AbstractJavaProjectConfigurator - Adding source folder /example/src/main/java
2016-04-16 23:38:40,057 [Worker-85] INFO  o.e.m.j.i.AbstractJavaProjectConfigurator - Adding resource folder /example/src/main/resources
2016-04-16 23:38:40,057 [Worker-85] INFO  o.e.m.j.i.AbstractJavaProjectConfigurator - Adding source folder /example/src/test/java
2016-04-16 23:38:41,431 [Worker-85] INFO  o.e.m.c.i.p.ProjectConfigurationManager - Imported and configured 1 project(s) in 2 sec
2016-04-16 23:38:41,657 [Worker-77] WARN  o.e.m.c.i.embedder.EclipseLogger - Using platform encoding (UTF-8 actually) to copy filtered resources, i.e. build is platform dependent!
2016-04-16 23:38:41,661 [Worker-77] INFO  o.e.m.c.i.embedder.EclipseLogger - Copying 0 resource
2016-04-16 23:38:41,663 [Worker-77] WARN  o.e.m.c.i.embedder.EclipseLogger - Using platform encoding (UTF-8 actually) to copy filtered resources, i.e. build is platform dependent!
2016-04-16 23:38:41,663 [Worker-77] INFO  o.e.m.c.i.embedder.EclipseLogger - skip non existing resourceDirectory /Users/milopreet/Documents/workspace_temporary_delete_later/example/src/test/resources
2016-04-16 23:39:55,876 [Worker-87] INFO  o.e.m.c.i.p.ProjectConfigurationManager - Collecting project info '/pom.xml' /Users/milopreet/Documents/workspace_temporary_delete_later/HibernateMaven/pom.xml
2016-04-16 23:39:56,135 [Worker-87] INFO  o.e.m.c.i.l.LifecycleMappingFactory - Using org.maven.ide.eclipse.wtp.WarLifecycleMapping lifecycle mapping for MavenProject: com.example:HibernateMaven:0.0.1-SNAPSHOT @ /Users/milopreet/Documents/workspace_temporary_delete_later/HibernateMaven/pom.xml.
2016-04-16 23:39:56,420 [Worker-87] INFO  o.e.m.j.i.AbstractJavaProjectConfigurator - Adding source folder /HibernateMaven/src/main/java
2016-04-16 23:39:56,420 [Worker-87] INFO  o.e.m.j.i.AbstractJavaProjectConfigurator - Adding resource folder /HibernateMaven/src/main/resources
2016-04-16 23:39:56,420 [Worker-87] INFO  o.e.m.j.i.AbstractJavaProjectConfigurator - Adding source folder /HibernateMaven/src/test/java
2016-04-16 23:39:57,219 [Worker-87] INFO  o.e.m.c.i.p.ProjectConfigurationManager - Imported and configured 1 project(s) in 1 sec
2016-04-16 23:39:57,397 [Worker-85] WARN  o.e.m.c.i.embedder.EclipseLogger - Using platform encoding (UTF-8 actually) to copy filtered resources, i.e. build is platform dependent!
2016-04-16 23:39:57,399 [Worker-85] INFO  o.e.m.c.i.embedder.EclipseLogger - Copying 0 resource
2016-04-16 23:39:57,400 [Worker-85] WARN  o.e.m.c.i.embedder.EclipseLogger - Using platform encoding (UTF-8 actually) to copy filtered resources, i.e. build is platform dependent!
2016-04-16 23:39:57,400 [Worker-85] INFO  o.e.m.c.i.embedder.EclipseLogger - skip non existing resourceDirectory /Users/milopreet/Documents/workspace_temporary_delete_later/HibernateMaven/src/test/resources
2016-04-16 23:39:58,432 [Worker-85] WARN  o.e.m.c.i.embedder.EclipseLogger - Using platform encoding (UTF-8 actually) to copy filtered resources, i.e. build is platform dependent!
2016-04-16 23:39:58,434 [Worker-85] INFO  o.e.m.c.i.embedder.EclipseLogger - Copying 0 resource
2016-04-16 23:39:58,435 [Worker-85] WARN  o.e.m.c.i.embedder.EclipseLogger - Using platform encoding (UTF-8 actually) to copy filtered resources, i.e. build is platform dependent!
2016-04-16 23:39:58,435 [Worker-85] INFO  o.e.m.c.i.embedder.EclipseLogger - skip non existing resourceDirectory /Users/milopreet/Documents/workspace_temporary_delete_later/HibernateMaven/src/test/resources
2016-04-16 23:42:08,840 [Worker-89] INFO  o.e.m.c.i.l.LifecycleMappingFactory - Using org.maven.ide.eclipse.wtp.WarLifecycleMapping lifecycle mapping for MavenProject: com.example:HibernateMaven:0.0.1-SNAPSHOT @ /Users/milopreet/Documents/workspace_temporary_delete_later/HibernateMaven/pom.xml.
2016-04-16 23:42:09,183 [Worker-89] WARN  o.e.m.c.i.embedder.EclipseLogger - Using platform encoding (UTF-8 actually) to copy filtered resources, i.e. build is platform dependent!
2016-04-16 23:42:09,185 [Worker-89] INFO  o.e.m.c.i.embedder.EclipseLogger - Copying 0 resource
2016-04-16 23:42:09,187 [Worker-89] WARN  o.e.m.c.i.embedder.EclipseLogger - Using platform encoding (UTF-8 actually) to copy filtered resources, i.e. build is platform dependent!
2016-04-16 23:42:09,188 [Worker-89] INFO  o.e.m.c.i.embedder.EclipseLogger - skip non existing resourceDirectory /Users/milopreet/Documents/workspace_temporary_delete_later/HibernateMaven/src/test/resources
2016-04-16 23:42:09,188 [Worker-89] INFO  o.e.m.w.i.f.ResourceFilteringBuildParticipant - Changed resources require a complete clean of filtered resources of HibernateMaven
2016-04-16 23:42:09,189 [Worker-89] INFO  o.e.m.w.i.f.ResourceFilteringBuildParticipant - Executing resource filtering for HibernateMaven
2016-04-16 23:42:09,196 [Worker-89] WARN  o.e.m.c.i.embedder.EclipseLogger - Using platform encoding (UTF-8 actually) to copy filtered resources, i.e. build is platform dependent!
2016-04-16 23:42:10,242 [Worker-91] WARN  o.e.m.c.i.embedder.EclipseLogger - Using platform encoding (UTF-8 actually) to copy filtered resources, i.e. build is platform dependent!
2016-04-16 23:42:10,243 [Worker-91] INFO  o.e.m.c.i.embedder.EclipseLogger - Copying 0 resource
2016-04-16 23:42:10,243 [Worker-91] WARN  o.e.m.c.i.embedder.EclipseLogger - Using platform encoding (UTF-8 actually) to copy filtered resources, i.e. build is platform dependent!
2016-04-16 23:42:10,243 [Worker-91] INFO  o.e.m.c.i.embedder.EclipseLogger - skip non existing resourceDirectory /Users/milopreet/Documents/workspace_temporary_delete_later/HibernateMaven/src/test/resources
2016-04-16 23:43:53,769 [Worker-92] INFO  o.e.m.c.i.l.LifecycleMappingFactory - Using org.maven.ide.eclipse.wtp.WarLifecycleMapping lifecycle mapping for MavenProject: com.example:HibernateMaven:0.0.1-SNAPSHOT @ /Users/milopreet/Documents/workspace_temporary_delete_later/HibernateMaven/pom.xml.
2016-04-16 23:43:54,482 [Worker-92] INFO  o.e.m.c.i.e.AbstractTransferListenerAdapter - Downloading https://repo.maven.apache.org/maven2/mysql/mysql-connector-java/5.1.6/mysql-connector-java-5.1.6.pom
2016-04-16 23:43:54,510 [Worker-92] INFO  o.e.m.c.i.e.AbstractTransferListenerAdapter - Downloaded https://repo.maven.apache.org/maven2/mysql/mysql-connector-java/5.1.6/mysql-connector-java-5.1.6.pom
2016-04-16 23:43:54,568 [Worker-92] INFO  o.e.m.c.i.e.AbstractTransferListenerAdapter - Downloading https://repo.maven.apache.org/maven2/mysql/mysql-connector-java/5.1.6/mysql-connector-java-5.1.6.jar
2016-04-16 23:43:55,670 [Worker-92] INFO  o.e.m.c.i.e.AbstractTransferListenerAdapter - Downloaded https://repo.maven.apache.org/maven2/mysql/mysql-connector-java/5.1.6/mysql-connector-java-5.1.6.jar
2016-04-16 23:43:55,952 [Worker-92] WARN  o.e.m.c.i.embedder.EclipseLogger - Using platform encoding (UTF-8 actually) to copy filtered resources, i.e. build is platform dependent!
2016-04-16 23:43:55,953 [Worker-92] INFO  o.e.m.c.i.embedder.EclipseLogger - Copying 0 resource
2016-04-16 23:43:55,954 [Worker-92] WARN  o.e.m.c.i.embedder.EclipseLogger - Using platform encoding (UTF-8 actually) to copy filtered resources, i.e. build is platform dependent!
2016-04-16 23:43:55,954 [Worker-92] INFO  o.e.m.c.i.embedder.EclipseLogger - skip non existing resourceDirectory /Users/milopreet/Documents/workspace_temporary_delete_later/HibernateMaven/src/test/resources
2016-04-16 23:43:55,955 [Worker-92] INFO  o.e.m.w.i.f.ResourceFilteringBuildParticipant - Changed resources require a complete clean of filtered resources of HibernateMaven
2016-04-16 23:43:55,955 [Worker-92] INFO  o.e.m.w.i.f.ResourceFilteringBuildParticipant - Executing resource filtering for HibernateMaven
2016-04-16 23:43:55,957 [Worker-92] WARN  o.e.m.c.i.embedder.EclipseLogger - Using platform encoding (UTF-8 actually) to copy filtered resources, i.e. build is platform dependent!
2016-04-16 23:43:57,025 [Worker-94] WARN  o.e.m.c.i.embedder.EclipseLogger - Using platform encoding (UTF-8 actually) to copy filtered resources, i.e. build is platform dependent!
2016-04-16 23:43:57,026 [Worker-94] INFO  o.e.m.c.i.embedder.EclipseLogger - Copying 0 resource
2016-04-16 23:43:57,027 [Worker-94] WARN  o.e.m.c.i.embedder.EclipseLogger - Using platform encoding (UTF-8 actually) to copy filtered resources, i.e. build is platform dependent!
2016-04-16 23:43:57,027 [Worker-94] INFO  o.e.m.c.i.embedder.EclipseLogger - skip non existing resourceDirectory /Users/milopreet/Documents/workspace_temporary_delete_later/HibernateMaven/src/test/resources
2016-04-16 23:44:25,439 [Worker-89] WARN  o.e.m.c.i.embedder.EclipseLogger - Using platform encoding (UTF-8 actually) to copy filtered resources, i.e. build is platform dependent!
2016-04-16 23:44:25,440 [Worker-89] INFO  o.e.m.c.i.embedder.EclipseLogger - Copying 0 resource
2016-04-16 23:44:25,441 [Worker-89] WARN  o.e.m.c.i.embedder.EclipseLogger - Using platform encoding (UTF-8 actually) to copy filtered resources, i.e. build is platform dependent!
2016-04-16 23:44:25,441 [Worker-89] INFO  o.e.m.c.i.embedder.EclipseLogger - skip non existing resourceDirectory /Users/milopreet/Documents/workspace_temporary_delete_later/HibernateMaven/src/test/resources
2016-04-16 23:46:26,283 [Worker-89] WARN  o.e.m.c.i.embedder.EclipseLogger - Using platform encoding (UTF-8 actually) to copy filtered resources, i.e. build is platform dependent!
2016-04-16 23:46:26,285 [Worker-89] INFO  o.e.m.c.i.embedder.EclipseLogger - Copying 1 resource
2016-04-16 23:46:26,293 [Worker-89] WARN  o.e.m.c.i.embedder.EclipseLogger - Using platform encoding (UTF-8 actually) to copy filtered resources, i.e. build is platform dependent!
2016-04-16 23:46:26,293 [Worker-89] INFO  o.e.m.c.i.embedder.EclipseLogger - skip non existing resourceDirectory /Users/milopreet/Documents/workspace_temporary_delete_later/HibernateMaven/src/test/resources
2016-04-16 23:46:35,087 [Worker-92] WARN  o.e.m.c.i.embedder.EclipseLogger - Using platform encoding (UTF-8 actually) to copy filtered resources, i.e. build is platform dependent!
2016-04-16 23:46:35,087 [Worker-92] INFO  o.e.m.c.i.embedder.EclipseLogger - Copying 1 resource
2016-04-16 23:46:35,088 [Worker-92] WARN  o.e.m.c.i.embedder.EclipseLogger - Using platform encoding (UTF-8 actually) to copy filtered resources, i.e. build is platform dependent!
2016-04-16 23:46:35,089 [Worker-92] INFO  o.e.m.c.i.embedder.EclipseLogger - skip non existing resourceDirectory /Users/milopreet/Documents/workspace_temporary_delete_later/HibernateMaven/src/test/resources
2016-04-16 23:46:58,438 [Worker-93] WARN  o.e.m.c.i.embedder.EclipseLogger - Using platform encoding (UTF-8 actually) to copy filtered resources, i.e. build is platform dependent!
2016-04-16 23:46:58,438 [Worker-93] INFO  o.e.m.c.i.embedder.EclipseLogger - Copying 1 resource
2016-04-16 23:46:58,439 [Worker-93] WARN  o.e.m.c.i.embedder.EclipseLogger - Using platform encoding (UTF-8 actually) to copy filtered resources, i.e. build is platform dependent!
2016-04-16 23:46:58,439 [Worker-93] INFO  o.e.m.c.i.embedder.EclipseLogger - skip non existing resourceDirectory /Users/milopreet/Documents/workspace_temporary_delete_later/HibernateMaven/src/test/resources
2016-04-16 23:47:17,840 [Worker-94] WARN  o.e.m.c.i.embedder.EclipseLogger - Using platform encoding (UTF-8 actually) to copy filtered resources, i.e. build is platform dependent!
2016-04-16 23:47:17,840 [Worker-94] INFO  o.e.m.c.i.embedder.EclipseLogger - Copying 1 resource
2016-04-16 23:47:17,841 [Worker-94] WARN  o.e.m.c.i.embedder.EclipseLogger - Using platform encoding (UTF-8 actually) to copy filtered resources, i.e. build is platform dependent!
2016-04-16 23:47:17,842 [Worker-94] INFO  o.e.m.c.i.embedder.EclipseLogger - skip non existing resourceDirectory /Users/milopreet/Documents/workspace_temporary_delete_later/HibernateMaven/src/test/resources
2016-04-16 23:48:27,883 [Worker-93] WARN  o.e.m.c.i.embedder.EclipseLogger - Using platform encoding (UTF-8 actually) to copy filtered resources, i.e. build is platform dependent!
2016-04-16 23:48:27,883 [Worker-93] INFO  o.e.m.c.i.embedder.EclipseLogger - Copying 1 resource
2016-04-16 23:48:27,884 [Worker-93] WARN  o.e.m.c.i.embedder.EclipseLogger - Using platform encoding (UTF-8 actually) to copy filtered resources, i.e. build is platform dependent!
2016-04-16 23:48:27,885 [Worker-93] INFO  o.e.m.c.i.embedder.EclipseLogger - skip non existing resourceDirectory /Users/milopreet/Documents/workspace_temporary_delete_later/HibernateMaven/src/test/resources
2016-04-16 23:48:41,547 [Worker-94] WARN  o.e.m.c.i.embedder.EclipseLogger - Using platform encoding (UTF-8 actually) to copy filtered resources, i.e. build is platform dependent!
2016-04-16 23:48:41,548 [Worker-94] INFO  o.e.m.c.i.embedder.EclipseLogger - Copying 0 resource
2016-04-16 23:48:41,549 [Worker-94] WARN  o.e.m.c.i.embedder.EclipseLogger - Using platform encoding (UTF-8 actually) to copy filtered resources, i.e. build is platform dependent!
2016-04-16 23:48:41,549 [Worker-94] INFO  o.e.m.c.i.embedder.EclipseLogger - skip non existing resourceDirectory /Users/milopreet/Documents/workspace_temporary_delete_later/HibernateMaven/src/test/resources
2016-04-16 23:48:49,233 [Worker-94] WARN  o.e.m.c.i.embedder.EclipseLogger - Using platform encoding (UTF-8 actually) to copy filtered resources, i.e. build is platform dependent!
2016-04-16 23:48:49,234 [Worker-94] INFO  o.e.m.c.i.embedder.EclipseLogger - Copying 1 resource
2016-04-16 23:48:49,235 [Worker-94] WARN  o.e.m.c.i.embedder.EclipseLogger - Using platform encoding (UTF-8 actually) to copy filtered resources, i.e. build is platform dependent!
2016-04-16 23:48:49,236 [Worker-94] INFO  o.e.m.c.i.embedder.EclipseLogger - skip non existing resourceDirectory /Users/milopreet/Documents/workspace_temporary_delete_later/HibernateMaven/src/test/resources
2016-04-16 23:49:00,904 [Worker-92] WARN  o.e.m.c.i.embedder.EclipseLogger - Using platform encoding (UTF-8 actually) to copy filtered resources, i.e. build is platform dependent!
2016-04-16 23:49:00,904 [Worker-92] INFO  o.e.m.c.i.embedder.EclipseLogger - Copying 1 resource
2016-04-16 23:49:00,906 [Worker-92] WARN  o.e.m.c.i.embedder.EclipseLogger - Using platform encoding (UTF-8 actually) to copy filtered resources, i.e. build is platform dependent!
2016-04-16 23:49:00,906 [Worker-92] INFO  o.e.m.c.i.embedder.EclipseLogger - skip non existing resourceDirectory /Users/milopreet/Documents/workspace_temporary_delete_later/HibernateMaven/src/test/resources
2016-04-16 23:49:49,864 [Worker-89] WARN  o.e.m.c.i.embedder.EclipseLogger - Using platform encoding (UTF-8 actually) to copy filtered resources, i.e. build is platform dependent!
2016-04-16 23:49:49,865 [Worker-89] INFO  o.e.m.c.i.embedder.EclipseLogger - Copying 0 resource
2016-04-16 23:49:49,866 [Worker-89] WARN  o.e.m.c.i.embedder.EclipseLogger - Using platform encoding (UTF-8 actually) to copy filtered resources, i.e. build is platform dependent!
2016-04-16 23:49:49,867 [Worker-89] INFO  o.e.m.c.i.embedder.EclipseLogger - skip non existing resourceDirectory /Users/milopreet/Documents/workspace_temporary_delete_later/HibernateMaven/src/test/resources
2016-04-16 23:50:10,538 [Worker-93] WARN  o.e.m.c.i.embedder.EclipseLogger - Using platform encoding (UTF-8 actually) to copy filtered resources, i.e. build is platform dependent!
2016-04-16 23:50:10,538 [Worker-93] INFO  o.e.m.c.i.embedder.EclipseLogger - Copying 0 resource
2016-04-16 23:50:10,539 [Worker-93] WARN  o.e.m.c.i.embedder.EclipseLogger - Using platform encoding (UTF-8 actually) to copy filtered resources, i.e. build is platform dependent!
2016-04-16 23:50:10,539 [Worker-93] INFO  o.e.m.c.i.embedder.EclipseLogger - skip non existing resourceDirectory /Users/milopreet/Documents/workspace_temporary_delete_later/HibernateMaven/src/test/resources
2016-04-16 23:50:20,674 [Worker-77] WARN  o.e.m.c.i.embedder.EclipseLogger - Using platform encoding (UTF-8 actually) to copy filtered resources, i.e. build is platform dependent!
2016-04-16 23:50:20,675 [Worker-77] INFO  o.e.m.c.i.embedder.EclipseLogger - Copying 2 resources
2016-04-16 23:50:20,676 [Worker-77] WARN  o.e.m.c.i.embedder.EclipseLogger - Using platform encoding (UTF-8 actually) to copy filtered resources, i.e. build is platform dependent!
2016-04-16 23:50:20,677 [Worker-77] INFO  o.e.m.c.i.embedder.EclipseLogger - skip non existing resourceDirectory /Users/milopreet/Documents/workspace_temporary_delete_later/HibernateMaven/src/test/resources
2016-04-16 23:51:14,864 [Worker-95] WARN  o.e.m.c.i.embedder.EclipseLogger - Using platform encoding (UTF-8 actually) to copy filtered resources, i.e. build is platform dependent!
2016-04-16 23:51:14,865 [Worker-95] INFO  o.e.m.c.i.embedder.EclipseLogger - Copying 0 resource
2016-04-16 23:51:14,866 [Worker-95] WARN  o.e.m.c.i.embedder.EclipseLogger - Using platform encoding (UTF-8 actually) to copy filtered resources, i.e. build is platform dependent!
2016-04-16 23:51:14,866 [Worker-95] INFO  o.e.m.c.i.embedder.EclipseLogger - skip non existing resourceDirectory /Users/milopreet/Documents/workspace_temporary_delete_later/HibernateMaven/src/test/resources
2016-04-16 23:52:10,946 [Worker-95] WARN  o.e.m.c.i.embedder.EclipseLogger - Using platform encoding (UTF-8 actually) to copy filtered resources, i.e. build is platform dependent!
2016-04-16 23:52:10,946 [Worker-95] INFO  o.e.m.c.i.embedder.EclipseLogger - Copying 0 resource
2016-04-16 23:52:10,948 [Worker-95] WARN  o.e.m.c.i.embedder.EclipseLogger - Using platform encoding (UTF-8 actually) to copy filtered resources, i.e. build is platform dependent!
2016-04-16 23:52:10,948 [Worker-95] INFO  o.e.m.c.i.embedder.EclipseLogger - skip non existing resourceDirectory /Users/milopreet/Documents/workspace_temporary_delete_later/HibernateMaven/src/test/resources
2016-04-16 23:53:25,638 [Worker-96] WARN  o.e.m.c.i.embedder.EclipseLogger - Using platform encoding (UTF-8 actually) to copy filtered resources, i.e. build is platform dependent!
2016-04-16 23:53:25,639 [Worker-96] INFO  o.e.m.c.i.embedder.EclipseLogger - Copying 0 resource
2016-04-16 23:53:25,639 [Worker-96] WARN  o.e.m.c.i.embedder.EclipseLogger - Using platform encoding (UTF-8 actually) to copy filtered resources, i.e. build is platform dependent!
2016-04-16 23:53:25,640 [Worker-96] INFO  o.e.m.c.i.embedder.EclipseLogger - skip non existing resourceDirectory /Users/milopreet/Documents/workspace_temporary_delete_later/HibernateMaven/src/test/resources
2016-04-16 23:54:09,461 [Worker-92] WARN  o.e.m.c.i.embedder.EclipseLogger - Using platform encoding (UTF-8 actually) to copy filtered resources, i.e. build is platform dependent!
2016-04-16 23:54:09,461 [Worker-92] INFO  o.e.m.c.i.embedder.EclipseLogger - Copying 0 resource
2016-04-16 23:54:09,462 [Worker-92] WARN  o.e.m.c.i.embedder.EclipseLogger - Using platform encoding (UTF-8 actually) to copy filtered resources, i.e. build is platform dependent!
2016-04-16 23:54:09,462 [Worker-92] INFO  o.e.m.c.i.embedder.EclipseLogger - skip non existing resourceDirectory /Users/milopreet/Documents/workspace_temporary_delete_later/HibernateMaven/src/test/resources
2016-04-16 23:54:50,711 [Worker-77] WARN  o.e.m.c.i.embedder.EclipseLogger - Using platform encoding (UTF-8 actually) to copy filtered resources, i.e. build is platform dependent!
2016-04-16 23:54:50,712 [Worker-77] INFO  o.e.m.c.i.embedder.EclipseLogger - Copying 0 resource
2016-04-16 23:54:50,713 [Worker-77] WARN  o.e.m.c.i.embedder.EclipseLogger - Using platform encoding (UTF-8 actually) to copy filtered resources, i.e. build is platform dependent!
2016-04-16 23:54:50,713 [Worker-77] INFO  o.e.m.c.i.embedder.EclipseLogger - skip non existing resourceDirectory /Users/milopreet/Documents/workspace_temporary_delete_later/HibernateMaven/src/test/resources
2016-04-16 23:55:06,076 [Worker-93] WARN  o.e.m.c.i.embedder.EclipseLogger - Using platform encoding (UTF-8 actually) to copy filtered resources, i.e. build is platform dependent!
2016-04-16 23:55:06,076 [Worker-93] INFO  o.e.m.c.i.embedder.EclipseLogger - Copying 0 resource
2016-04-16 23:55:06,077 [Worker-93] WARN  o.e.m.c.i.embedder.EclipseLogger - Using platform encoding (UTF-8 actually) to copy filtered resources, i.e. build is platform dependent!
2016-04-16 23:55:06,078 [Worker-93] INFO  o.e.m.c.i.embedder.EclipseLogger - skip non existing resourceDirectory /Users/milopreet/Documents/workspace_temporary_delete_later/HibernateMaven/src/test/resources
2016-04-16 23:56:52,681 [Worker-77] WARN  o.e.m.c.i.embedder.EclipseLogger - Using platform encoding (UTF-8 actually) to copy filtered resources, i.e. build is platform dependent!
2016-04-16 23:56:52,682 [Worker-77] INFO  o.e.m.c.i.embedder.EclipseLogger - Copying 0 resource
2016-04-16 23:56:52,682 [Worker-77] WARN  o.e.m.c.i.embedder.EclipseLogger - Using platform encoding (UTF-8 actually) to copy filtered resources, i.e. build is platform dependent!
2016-04-16 23:56:52,683 [Worker-77] INFO  o.e.m.c.i.embedder.EclipseLogger - skip non existing resourceDirectory /Users/milopreet/Documents/workspace_temporary_delete_later/HibernateMaven/src/test/resources
2016-04-16 23:56:56,867 [Worker-86] WARN  o.e.m.c.i.embedder.EclipseLogger - Using platform encoding (UTF-8 actually) to copy filtered resources, i.e. build is platform dependent!
2016-04-16 23:56:56,868 [Worker-86] INFO  o.e.m.c.i.embedder.EclipseLogger - Copying 0 resource
2016-04-16 23:56:56,869 [Worker-86] WARN  o.e.m.c.i.embedder.EclipseLogger - Using platform encoding (UTF-8 actually) to copy filtered resources, i.e. build is platform dependent!
2016-04-16 23:56:56,869 [Worker-86] INFO  o.e.m.c.i.embedder.EclipseLogger - skip non existing resourceDirectory /Users/milopreet/Documents/workspace_temporary_delete_later/HibernateMaven/src/test/resources
2016-04-16 23:57:35,445 [Worker-94] WARN  o.e.m.c.i.embedder.EclipseLogger - Using platform encoding (UTF-8 actually) to copy filtered resources, i.e. build is platform dependent!
2016-04-16 23:57:35,445 [Worker-94] INFO  o.e.m.c.i.embedder.EclipseLogger - Copying 0 resource
2016-04-16 23:57:35,446 [Worker-94] WARN  o.e.m.c.i.embedder.EclipseLogger - Using platform encoding (UTF-8 actually) to copy filtered resources, i.e. build is platform dependent!
2016-04-16 23:57:35,446 [Worker-94] INFO  o.e.m.c.i.embedder.EclipseLogger - skip non existing resourceDirectory /Users/milopreet/Documents/workspace_temporary_delete_later/HibernateMaven/src/test/resources
2016-04-16 23:58:30,132 [Worker-95] WARN  o.e.m.c.i.embedder.EclipseLogger - Using platform encoding (UTF-8 actually) to copy filtered resources, i.e. build is platform dependent!
2016-04-16 23:58:30,133 [Worker-95] INFO  o.e.m.c.i.embedder.EclipseLogger - Copying 0 resource
2016-04-16 23:58:30,133 [Worker-95] WARN  o.e.m.c.i.embedder.EclipseLogger - Using platform encoding (UTF-8 actually) to copy filtered resources, i.e. build is platform dependent!
2016-04-16 23:58:30,134 [Worker-95] INFO  o.e.m.c.i.embedder.EclipseLogger - skip non existing resourceDirectory /Users/milopreet/Documents/workspace_temporary_delete_later/HibernateMaven/src/test/resources
2016-04-16 23:59:00,250 [Worker-93] WARN  o.e.m.c.i.embedder.EclipseLogger - Using platform encoding (UTF-8 actually) to copy filtered resources, i.e. build is platform dependent!
2016-04-16 23:59:00,251 [Worker-93] INFO  o.e.m.c.i.embedder.EclipseLogger - Copying 0 resource
2016-04-16 23:59:00,251 [Worker-93] WARN  o.e.m.c.i.embedder.EclipseLogger - Using platform encoding (UTF-8 actually) to copy filtered resources, i.e. build is platform dependent!
2016-04-16 23:59:00,252 [Worker-93] INFO  o.e.m.c.i.embedder.EclipseLogger - skip non existing resourceDirectory /Users/milopreet/Documents/workspace_temporary_delete_later/HibernateMaven/src/test/resources
2016-04-16 23:59:35,397 [Worker-94] WARN  o.e.m.c.i.embedder.EclipseLogger - Using platform encoding (UTF-8 actually) to copy filtered resources, i.e. build is platform dependent!
2016-04-16 23:59:35,398 [Worker-94] INFO  o.e.m.c.i.embedder.EclipseLogger - Copying 2 resources
2016-04-16 23:59:35,399 [Worker-94] WARN  o.e.m.c.i.embedder.EclipseLogger - Using platform encoding (UTF-8 actually) to copy filtered resources, i.e. build is platform dependent!
2016-04-16 23:59:35,399 [Worker-94] INFO  o.e.m.c.i.embedder.EclipseLogger - skip non existing resourceDirectory /Users/milopreet/Documents/workspace_temporary_delete_later/HibernateMaven/src/test/resources
2016-04-16 23:59:44,779 [Worker-93] WARN  o.e.m.c.i.embedder.EclipseLogger - Using platform encoding (UTF-8 actually) to copy filtered resources, i.e. build is platform dependent!
2016-04-16 23:59:44,780 [Worker-93] INFO  o.e.m.c.i.embedder.EclipseLogger - Copying 0 resource
2016-04-16 23:59:44,781 [Worker-93] WARN  o.e.m.c.i.embedder.EclipseLogger - Using platform encoding (UTF-8 actually) to copy filtered resources, i.e. build is platform dependent!
2016-04-16 23:59:44,781 [Worker-93] INFO  o.e.m.c.i.embedder.EclipseLogger - skip non existing resourceDirectory /Users/milopreet/Documents/workspace_temporary_delete_later/HibernateMaven/src/test/resources
2016-04-17 00:00:01,801 [Worker-92] WARN  o.e.m.c.i.embedder.EclipseLogger - Using platform encoding (UTF-8 actually) to copy filtered resources, i.e. build is platform dependent!
2016-04-17 00:00:01,802 [Worker-92] INFO  o.e.m.c.i.embedder.EclipseLogger - Copying 2 resources
2016-04-17 00:00:01,803 [Worker-92] WARN  o.e.m.c.i.embedder.EclipseLogger - Using platform encoding (UTF-8 actually) to copy filtered resources, i.e. build is platform dependent!
2016-04-17 00:00:01,804 [Worker-92] INFO  o.e.m.c.i.embedder.EclipseLogger - skip non existing resourceDirectory /Users/milopreet/Documents/workspace_temporary_delete_later/HibernateMaven/src/test/resources
2016-04-17 00:00:07,923 [Worker-77] WARN  o.e.m.c.i.embedder.EclipseLogger - Using platform encoding (UTF-8 actually) to copy filtered resources, i.e. build is platform dependent!
2016-04-17 00:00:07,924 [Worker-77] INFO  o.e.m.c.i.embedder.EclipseLogger - Copying 0 resource
2016-04-17 00:00:07,925 [Worker-77] WARN  o.e.m.c.i.embedder.EclipseLogger - Using platform encoding (UTF-8 actually) to copy filtered resources, i.e. build is platform dependent!
2016-04-17 00:00:07,925 [Worker-77] INFO  o.e.m.c.i.embedder.EclipseLogger - skip non existing resourceDirectory /Users/milopreet/Documents/workspace_temporary_delete_later/HibernateMaven/src/test/resources
2016-04-17 00:00:16,934 [Worker-93] WARN  o.e.m.c.i.embedder.EclipseLogger - Using platform encoding (UTF-8 actually) to copy filtered resources, i.e. build is platform dependent!
2016-04-17 00:00:16,934 [Worker-93] INFO  o.e.m.c.i.embedder.EclipseLogger - Copying 0 resource
2016-04-17 00:00:16,935 [Worker-93] WARN  o.e.m.c.i.embedder.EclipseLogger - Using platform encoding (UTF-8 actually) to copy filtered resources, i.e. build is platform dependent!
2016-04-17 00:00:16,935 [Worker-93] INFO  o.e.m.c.i.embedder.EclipseLogger - skip non existing resourceDirectory /Users/milopreet/Documents/workspace_temporary_delete_later/HibernateMaven/src/test/resources
2016-04-17 00:00:43,272 [Worker-96] WARN  o.e.m.c.i.embedder.EclipseLogger - Using platform encoding (UTF-8 actually) to copy filtered resources, i.e. build is platform dependent!
2016-04-17 00:00:43,273 [Worker-96] INFO  o.e.m.c.i.embedder.EclipseLogger - Copying 0 resource
2016-04-17 00:00:43,273 [Worker-96] WARN  o.e.m.c.i.embedder.EclipseLogger - Using platform encoding (UTF-8 actually) to copy filtered resources, i.e. build is platform dependent!
2016-04-17 00:00:43,273 [Worker-96] INFO  o.e.m.c.i.embedder.EclipseLogger - skip non existing resourceDirectory /Users/milopreet/Documents/workspace_temporary_delete_later/HibernateMaven/src/test/resources
2016-04-17 00:02:15,418 [Worker-92] WARN  o.e.m.c.i.embedder.EclipseLogger - Using platform encoding (UTF-8 actually) to copy filtered resources, i.e. build is platform dependent!
2016-04-17 00:02:15,419 [Worker-92] INFO  o.e.m.c.i.embedder.EclipseLogger - Copying 0 resource
2016-04-17 00:02:15,420 [Worker-92] WARN  o.e.m.c.i.embedder.EclipseLogger - Using platform encoding (UTF-8 actually) to copy filtered resources, i.e. build is platform dependent!
2016-04-17 00:02:15,420 [Worker-92] INFO  o.e.m.c.i.embedder.EclipseLogger - skip non existing resourceDirectory /Users/milopreet/Documents/workspace_temporary_delete_later/HibernateMaven/src/test/resources
2016-04-17 00:05:05,139 [Worker-93] WARN  o.e.m.c.i.embedder.EclipseLogger - Using platform encoding (UTF-8 actually) to copy filtered resources, i.e. build is platform dependent!
2016-04-17 00:05:05,139 [Worker-93] INFO  o.e.m.c.i.embedder.EclipseLogger - Copying 2 resources
2016-04-17 00:05:05,141 [Worker-93] WARN  o.e.m.c.i.embedder.EclipseLogger - Using platform encoding (UTF-8 actually) to copy filtered resources, i.e. build is platform dependent!
2016-04-17 00:05:05,141 [Worker-93] INFO  o.e.m.c.i.embedder.EclipseLogger - skip non existing resourceDirectory /Users/milopreet/Documents/workspace_temporary_delete_later/HibernateMaven/src/test/resources
2016-04-17 00:05:21,364 [Worker-93] WARN  o.e.m.c.i.embedder.EclipseLogger - Using platform encoding (UTF-8 actually) to copy filtered resources, i.e. build is platform dependent!
2016-04-17 00:05:21,365 [Worker-93] INFO  o.e.m.c.i.embedder.EclipseLogger - Copying 0 resource
2016-04-17 00:05:21,365 [Worker-93] WARN  o.e.m.c.i.embedder.EclipseLogger - Using platform encoding (UTF-8 actually) to copy filtered resources, i.e. build is platform dependent!
2016-04-17 00:05:21,366 [Worker-93] INFO  o.e.m.c.i.embedder.EclipseLogger - skip non existing resourceDirectory /Users/milopreet/Documents/workspace_temporary_delete_later/HibernateMaven/src/test/resources
2016-04-17 00:05:44,428 [Worker-97] WARN  o.e.m.c.i.embedder.EclipseLogger - Using platform encoding (UTF-8 actually) to copy filtered resources, i.e. build is platform dependent!
2016-04-17 00:05:44,428 [Worker-97] INFO  o.e.m.c.i.embedder.EclipseLogger - Copying 0 resource
2016-04-17 00:05:44,429 [Worker-97] WARN  o.e.m.c.i.embedder.EclipseLogger - Using platform encoding (UTF-8 actually) to copy filtered resources, i.e. build is platform dependent!
2016-04-17 00:05:44,429 [Worker-97] INFO  o.e.m.c.i.embedder.EclipseLogger - skip non existing resourceDirectory /Users/milopreet/Documents/workspace_temporary_delete_later/HibernateMaven/src/test/resources
2016-04-17 00:06:09,162 [Worker-93] WARN  o.e.m.c.i.embedder.EclipseLogger - Using platform encoding (UTF-8 actually) to copy filtered resources, i.e. build is platform dependent!
2016-04-17 00:06:09,163 [Worker-93] INFO  o.e.m.c.i.embedder.EclipseLogger - Copying 0 resource
2016-04-17 00:06:09,163 [Worker-93] WARN  o.e.m.c.i.embedder.EclipseLogger - Using platform encoding (UTF-8 actually) to copy filtered resources, i.e. build is platform dependent!
2016-04-17 00:06:09,163 [Worker-93] INFO  o.e.m.c.i.embedder.EclipseLogger - skip non existing resourceDirectory /Users/milopreet/Documents/workspace_temporary_delete_later/HibernateMaven/src/test/resources
2016-04-17 00:11:24,262 [Worker-98] WARN  o.e.m.c.i.embedder.EclipseLogger - Using platform encoding (UTF-8 actually) to copy filtered resources, i.e. build is platform dependent!
2016-04-17 00:11:24,263 [Worker-98] INFO  o.e.m.c.i.embedder.EclipseLogger - Copying 1 resource
2016-04-17 00:11:24,264 [Worker-98] WARN  o.e.m.c.i.embedder.EclipseLogger - Using platform encoding (UTF-8 actually) to copy filtered resources, i.e. build is platform dependent!
2016-04-17 00:11:24,265 [Worker-98] INFO  o.e.m.c.i.embedder.EclipseLogger - skip non existing resourceDirectory /Users/milopreet/Documents/workspace_temporary_delete_later/HibernateMaven/src/test/resources
2016-04-17 00:11:39,777 [Worker-100] WARN  o.e.m.c.i.embedder.EclipseLogger - Using platform encoding (UTF-8 actually) to copy filtered resources, i.e. build is platform dependent!
2016-04-17 00:11:39,778 [Worker-100] INFO  o.e.m.c.i.embedder.EclipseLogger - Copying 1 resource
2016-04-17 00:11:39,779 [Worker-100] WARN  o.e.m.c.i.embedder.EclipseLogger - Using platform encoding (UTF-8 actually) to copy filtered resources, i.e. build is platform dependent!
2016-04-17 00:11:39,779 [Worker-100] INFO  o.e.m.c.i.embedder.EclipseLogger - skip non existing resourceDirectory /Users/milopreet/Documents/workspace_temporary_delete_later/HibernateMaven/src/test/resources
2016-04-17 00:11:49,910 [Worker-101] WARN  o.e.m.c.i.embedder.EclipseLogger - Using platform encoding (UTF-8 actually) to copy filtered resources, i.e. build is platform dependent!
2016-04-17 00:11:49,910 [Worker-101] INFO  o.e.m.c.i.embedder.EclipseLogger - Copying 1 resource
2016-04-17 00:11:49,911 [Worker-101] WARN  o.e.m.c.i.embedder.EclipseLogger - Using platform encoding (UTF-8 actually) to copy filtered resources, i.e. build is platform dependent!
2016-04-17 00:11:49,912 [Worker-101] INFO  o.e.m.c.i.embedder.EclipseLogger - skip non existing resourceDirectory /Users/milopreet/Documents/workspace_temporary_delete_later/HibernateMaven/src/test/resources
2016-04-17 00:12:19,176 [Worker-100] WARN  o.e.m.c.i.embedder.EclipseLogger - Using platform encoding (UTF-8 actually) to copy filtered resources, i.e. build is platform dependent!
2016-04-17 00:12:19,177 [Worker-100] INFO  o.e.m.c.i.embedder.EclipseLogger - Copying 0 resource
2016-04-17 00:12:19,178 [Worker-100] WARN  o.e.m.c.i.embedder.EclipseLogger - Using platform encoding (UTF-8 actually) to copy filtered resources, i.e. build is platform dependent!
2016-04-17 00:12:19,178 [Worker-100] INFO  o.e.m.c.i.embedder.EclipseLogger - skip non existing resourceDirectory /Users/milopreet/Documents/workspace_temporary_delete_later/HibernateMaven/src/test/resources
2016-04-17 00:14:10,137 [Worker-98] WARN  o.e.m.c.i.embedder.EclipseLogger - Using platform encoding (UTF-8 actually) to copy filtered resources, i.e. build is platform dependent!
2016-04-17 00:14:10,138 [Worker-98] INFO  o.e.m.c.i.embedder.EclipseLogger - Copying 0 resource
2016-04-17 00:14:10,138 [Worker-98] WARN  o.e.m.c.i.embedder.EclipseLogger - Using platform encoding (UTF-8 actually) to copy filtered resources, i.e. build is platform dependent!
2016-04-17 00:14:10,139 [Worker-98] INFO  o.e.m.c.i.embedder.EclipseLogger - skip non existing resourceDirectory /Users/milopreet/Documents/workspace_temporary_delete_later/HibernateMaven/src/test/resources
2016-04-17 00:14:24,389 [Worker-86] WARN  o.e.m.c.i.embedder.EclipseLogger - Using platform encoding (UTF-8 actually) to copy filtered resources, i.e. build is platform dependent!
2016-04-17 00:14:24,390 [Worker-86] INFO  o.e.m.c.i.embedder.EclipseLogger - Copying 1 resource
2016-04-17 00:14:24,391 [Worker-86] WARN  o.e.m.c.i.embedder.EclipseLogger - Using platform encoding (UTF-8 actually) to copy filtered resources, i.e. build is platform dependent!
2016-04-17 00:14:24,391 [Worker-86] INFO  o.e.m.c.i.embedder.EclipseLogger - skip non existing resourceDirectory /Users/milopreet/Documents/workspace_temporary_delete_later/HibernateMaven/src/test/resources
2016-04-17 00:14:33,188 [Worker-100] WARN  o.e.m.c.i.embedder.EclipseLogger - Using platform encoding (UTF-8 actually) to copy filtered resources, i.e. build is platform dependent!
2016-04-17 00:14:33,188 [Worker-100] INFO  o.e.m.c.i.embedder.EclipseLogger - Copying 1 resource
2016-04-17 00:14:33,189 [Worker-100] WARN  o.e.m.c.i.embedder.EclipseLogger - Using platform encoding (UTF-8 actually) to copy filtered resources, i.e. build is platform dependent!
2016-04-17 00:14:33,189 [Worker-100] INFO  o.e.m.c.i.embedder.EclipseLogger - skip non existing resourceDirectory /Users/milopreet/Documents/workspace_temporary_delete_later/HibernateMaven/src/test/resources
2016-04-17 00:15:04,779 [Worker-101] WARN  o.e.m.c.i.embedder.EclipseLogger - Using platform encoding (UTF-8 actually) to copy filtered resources, i.e. build is platform dependent!
2016-04-17 00:15:04,779 [Worker-101] INFO  o.e.m.c.i.embedder.EclipseLogger - Copying 1 resource
2016-04-17 00:15:04,781 [Worker-101] WARN  o.e.m.c.i.embedder.EclipseLogger - Using platform encoding (UTF-8 actually) to copy filtered resources, i.e. build is platform dependent!
2016-04-17 00:15:04,781 [Worker-101] INFO  o.e.m.c.i.embedder.EclipseLogger - skip non existing resourceDirectory /Users/milopreet/Documents/workspace_temporary_delete_later/HibernateMaven/src/test/resources
2016-04-17 00:15:12,741 [Worker-102] WARN  o.e.m.c.i.embedder.EclipseLogger - Using platform encoding (UTF-8 actually) to copy filtered resources, i.e. build is platform dependent!
2016-04-17 00:15:12,742 [Worker-102] INFO  o.e.m.c.i.embedder.EclipseLogger - Copying 1 resource
2016-04-17 00:15:12,742 [Worker-102] WARN  o.e.m.c.i.embedder.EclipseLogger - Using platform encoding (UTF-8 actually) to copy filtered resources, i.e. build is platform dependent!
2016-04-17 00:15:12,743 [Worker-102] INFO  o.e.m.c.i.embedder.EclipseLogger - skip non existing resourceDirectory /Users/milopreet/Documents/workspace_temporary_delete_later/HibernateMaven/src/test/resources
2016-04-17 00:15:38,668 [Worker-100] WARN  o.e.m.c.i.embedder.EclipseLogger - Using platform encoding (UTF-8 actually) to copy filtered resources, i.e. build is platform dependent!
2016-04-17 00:15:38,669 [Worker-100] INFO  o.e.m.c.i.embedder.EclipseLogger - Copying 0 resource
2016-04-17 00:15:38,670 [Worker-100] WARN  o.e.m.c.i.embedder.EclipseLogger - Using platform encoding (UTF-8 actually) to copy filtered resources, i.e. build is platform dependent!
2016-04-17 00:15:38,670 [Worker-100] INFO  o.e.m.c.i.embedder.EclipseLogger - skip non existing resourceDirectory /Users/milopreet/Documents/workspace_temporary_delete_later/HibernateMaven/src/test/resources
2016-04-17 00:26:19,501 [Worker-99] INFO  o.e.m.c.i.l.LifecycleMappingFactory - Using org.maven.ide.eclipse.wtp.WarLifecycleMapping lifecycle mapping for MavenProject: Copy of HibernateDemo:Copy of HibernateDemo:0.0.1-SNAPSHOT @ /Users/milopreet/Documents/workspace_temporary_delete_later/Copy of HibernateDemo/pom.xml.
2016-04-17 00:26:19,986 [Worker-99] INFO  o.e.m.j.i.AbstractJavaProjectConfigurator - Adding source folder /Copy of HibernateDemo/src
2016-04-17 00:26:19,986 [Worker-99] INFO  o.e.m.j.i.AbstractJavaProjectConfigurator - Resources folder /Copy of HibernateDemo/src overlaps with sources folder /Copy of HibernateDemo/src
2016-04-17 00:26:19,990 [Worker-99] INFO  o.e.m.j.i.AbstractJavaProjectConfigurator - Not adding source folder /Copy of HibernateDemo/src/test/java because it overlaps with /Copy of HibernateDemo/src
2016-04-17 00:26:20,122 [Worker-99] INFO  o.e.m.c.i.p.ProjectConfigurationManager - Update started
2016-04-17 00:26:20,290 [Worker-99] INFO  o.e.m.c.i.l.LifecycleMappingFactory - Using org.maven.ide.eclipse.wtp.WarLifecycleMapping lifecycle mapping for MavenProject: Copy of HibernateDemo:Copy of HibernateDemo:0.0.1-SNAPSHOT @ /Users/milopreet/Documents/workspace_temporary_delete_later/Copy of HibernateDemo/pom.xml.
2016-04-17 00:26:20,713 [Worker-99] INFO  o.e.m.j.i.AbstractJavaProjectConfigurator - Adding source folder /Copy of HibernateDemo/src
2016-04-17 00:26:20,713 [Worker-99] INFO  o.e.m.j.i.AbstractJavaProjectConfigurator - Resources folder /Copy of HibernateDemo/src overlaps with sources folder /Copy of HibernateDemo/src
2016-04-17 00:26:20,716 [Worker-99] INFO  o.e.m.j.i.AbstractJavaProjectConfigurator - Not adding source folder /Copy of HibernateDemo/src/test/java because it overlaps with /Copy of HibernateDemo/src
2016-04-17 00:26:20,763 [Worker-99] INFO  o.e.m.w.i.f.ResourceFilteringBuildParticipant - Cleaning filtered folder for Copy of HibernateDemo
2016-04-17 00:26:20,766 [Worker-99] INFO  o.e.m.c.i.p.ProjectConfigurationManager - Update completed: 0 sec
2016-04-17 00:26:21,548 [Worker-105] WARN  o.e.m.c.i.embedder.EclipseLogger - Using platform encoding (UTF-8 actually) to copy filtered resources, i.e. build is platform dependent!
2016-04-17 00:26:21,549 [Worker-105] INFO  o.e.m.c.i.embedder.EclipseLogger - Copying 2 resources
2016-04-17 00:26:21,550 [Worker-105] WARN  o.e.m.c.i.embedder.EclipseLogger - Using platform encoding (UTF-8 actually) to copy filtered resources, i.e. build is platform dependent!
2016-04-17 00:26:21,551 [Worker-105] INFO  o.e.m.c.i.embedder.EclipseLogger - skip non existing resourceDirectory /Users/milopreet/Documents/workspace_temporary_delete_later/Copy of HibernateDemo/src/test/resources
2016-04-17 00:26:21,551 [Worker-105] INFO  o.e.m.w.i.f.ResourceFilteringBuildParticipant - Changed resources require a complete clean of filtered resources of Copy of HibernateDemo
2016-04-17 00:26:21,551 [Worker-105] INFO  o.e.m.w.i.f.ResourceFilteringBuildParticipant - Executing resource filtering for Copy of HibernateDemo
2016-04-17 00:26:21,554 [Worker-105] WARN  o.e.m.c.i.embedder.EclipseLogger - Using platform encoding (UTF-8 actually) to copy filtered resources, i.e. build is platform dependent!
2016-04-17 00:28:01,032 [Worker-102] INFO  o.e.m.c.i.l.LifecycleMappingFactory - Using org.maven.ide.eclipse.wtp.WarLifecycleMapping lifecycle mapping for MavenProject: HibernateMaven2:HibernateMaven2:0.0.1-SNAPSHOT @ /Users/milopreet/Documents/workspace_temporary_delete_later/Copy of HibernateDemo/pom.xml.
2016-04-17 00:28:01,420 [Worker-102] WARN  o.e.m.c.i.embedder.EclipseLogger - Using platform encoding (UTF-8 actually) to copy filtered resources, i.e. build is platform dependent!
2016-04-17 00:28:01,421 [Worker-102] INFO  o.e.m.c.i.embedder.EclipseLogger - Copying 0 resource
2016-04-17 00:28:01,423 [Worker-102] WARN  o.e.m.c.i.embedder.EclipseLogger - Using platform encoding (UTF-8 actually) to copy filtered resources, i.e. build is platform dependent!
2016-04-17 00:28:01,424 [Worker-102] INFO  o.e.m.c.i.embedder.EclipseLogger - skip non existing resourceDirectory /Users/milopreet/Documents/workspace_temporary_delete_later/Copy of HibernateDemo/src/test/resources
2016-04-17 00:28:01,424 [Worker-102] INFO  o.e.m.w.i.f.ResourceFilteringBuildParticipant - Changed resources require a complete clean of filtered resources of Copy of HibernateDemo
2016-04-17 00:28:01,424 [Worker-102] INFO  o.e.m.w.i.f.ResourceFilteringBuildParticipant - Executing resource filtering for Copy of HibernateDemo
2016-04-17 00:28:01,426 [Worker-102] WARN  o.e.m.c.i.embedder.EclipseLogger - Using platform encoding (UTF-8 actually) to copy filtered resources, i.e. build is platform dependent!
2016-04-17 00:28:21,648 [Worker-101] INFO  o.e.m.c.i.l.LifecycleMappingFactory - Using org.maven.ide.eclipse.wtp.WarLifecycleMapping lifecycle mapping for MavenProject: HibernateMaven2:HibernateMaven2:0.0.1-SNAPSHOT @ /Users/milopreet/Documents/workspace_temporary_delete_later/HibernateMaven2/pom.xml.
2016-04-17 00:28:21,677 [Worker-101] WARN  o.e.m.c.i.embedder.EclipseLogger - Using platform encoding (UTF-8 actually) to copy filtered resources, i.e. build is platform dependent!
2016-04-17 00:28:21,678 [Worker-101] INFO  o.e.m.c.i.embedder.EclipseLogger - Copying 2 resources
2016-04-17 00:28:21,689 [Worker-101] WARN  o.e.m.c.i.embedder.EclipseLogger - Using platform encoding (UTF-8 actually) to copy filtered resources, i.e. build is platform dependent!
2016-04-17 00:28:21,690 [Worker-101] INFO  o.e.m.c.i.embedder.EclipseLogger - skip non existing resourceDirectory /Users/milopreet/Documents/workspace_temporary_delete_later/HibernateMaven2/src/test/resources
2016-04-17 00:31:26,262 [Worker-108] INFO  o.e.m.c.i.l.LifecycleMappingFactory - Using org.maven.ide.eclipse.wtp.WarLifecycleMapping lifecycle mapping for MavenProject: HibernateMaven2:HibernateMaven2:0.0.1-SNAPSHOT @ /Users/milopreet/Documents/workspace_temporary_delete_later/HibernateMaven2/pom.xml.
2016-04-17 00:31:26,618 [Worker-108] WARN  o.e.m.c.i.embedder.EclipseLogger - Using platform encoding (UTF-8 actually) to copy filtered resources, i.e. build is platform dependent!
2016-04-17 00:31:26,620 [Worker-108] INFO  o.e.m.c.i.embedder.EclipseLogger - Copying 0 resource
2016-04-17 00:31:26,621 [Worker-108] WARN  o.e.m.c.i.embedder.EclipseLogger - Using platform encoding (UTF-8 actually) to copy filtered resources, i.e. build is platform dependent!
2016-04-17 00:31:26,621 [Worker-108] INFO  o.e.m.c.i.embedder.EclipseLogger - skip non existing resourceDirectory /Users/milopreet/Documents/workspace_temporary_delete_later/HibernateMaven2/src/test/resources
2016-04-17 00:31:26,622 [Worker-108] INFO  o.e.m.w.i.f.ResourceFilteringBuildParticipant - Changed resources require a complete clean of filtered resources of HibernateMaven2
2016-04-17 00:31:26,622 [Worker-108] INFO  o.e.m.w.i.f.ResourceFilteringBuildParticipant - Executing resource filtering for HibernateMaven2
2016-04-17 00:31:26,624 [Worker-108] WARN  o.e.m.c.i.embedder.EclipseLogger - Using platform encoding (UTF-8 actually) to copy filtered resources, i.e. build is platform dependent!
2016-04-17 00:32:29,056 [Worker-109] INFO  o.e.m.c.i.l.LifecycleMappingFactory - Using org.maven.ide.eclipse.wtp.WarLifecycleMapping lifecycle mapping for MavenProject: HibernateMaven2:HibernateMaven2:0.0.1-SNAPSHOT @ /Users/milopreet/Documents/workspace_temporary_delete_later/HibernateMaven2/pom.xml.
2016-04-17 00:32:29,414 [Worker-109] WARN  o.e.m.c.i.embedder.EclipseLogger - Using platform encoding (UTF-8 actually) to copy filtered resources, i.e. build is platform dependent!
2016-04-17 00:32:29,415 [Worker-109] INFO  o.e.m.c.i.embedder.EclipseLogger - Copying 0 resource
2016-04-17 00:32:29,416 [Worker-109] WARN  o.e.m.c.i.embedder.EclipseLogger - Using platform encoding (UTF-8 actually) to copy filtered resources, i.e. build is platform dependent!
2016-04-17 00:32:29,416 [Worker-109] INFO  o.e.m.c.i.embedder.EclipseLogger - skip non existing resourceDirectory /Users/milopreet/Documents/workspace_temporary_delete_later/HibernateMaven2/src/test/resources
2016-04-17 00:32:29,417 [Worker-109] INFO  o.e.m.w.i.f.ResourceFilteringBuildParticipant - Changed resources require a complete clean of filtered resources of HibernateMaven2
2016-04-17 00:32:29,417 [Worker-109] INFO  o.e.m.w.i.f.ResourceFilteringBuildParticipant - Executing resource filtering for HibernateMaven2
2016-04-17 00:32:29,420 [Worker-109] WARN  o.e.m.c.i.embedder.EclipseLogger - Using platform encoding (UTF-8 actually) to copy filtered resources, i.e. build is platform dependent!
2016-04-17 00:32:30,461 [Worker-108] WARN  o.e.m.c.i.embedder.EclipseLogger - Using platform encoding (UTF-8 actually) to copy filtered resources, i.e. build is platform dependent!
2016-04-17 00:32:30,463 [Worker-108] INFO  o.e.m.c.i.embedder.EclipseLogger - Copying 2 resources
2016-04-17 00:32:30,473 [Worker-108] WARN  o.e.m.c.i.embedder.EclipseLogger - Using platform encoding (UTF-8 actually) to copy filtered resources, i.e. build is platform dependent!
2016-04-17 00:32:30,473 [Worker-108] INFO  o.e.m.c.i.embedder.EclipseLogger - skip non existing resourceDirectory /Users/milopreet/Documents/workspace_temporary_delete_later/HibernateMaven2/src/test/resources
2016-04-17 00:34:04,728 [Worker-109] INFO  o.e.m.c.i.l.LifecycleMappingFactory - Using org.maven.ide.eclipse.wtp.WarLifecycleMapping lifecycle mapping for MavenProject: HibernateMaven2:HibernateMaven2:0.0.1-SNAPSHOT @ /Users/milopreet/Documents/workspace_temporary_delete_later/HibernateMaven2/pom.xml.
2016-04-17 00:34:05,090 [Worker-109] WARN  o.e.m.c.i.embedder.EclipseLogger - Using platform encoding (UTF-8 actually) to copy filtered resources, i.e. build is platform dependent!
2016-04-17 00:34:05,092 [Worker-109] INFO  o.e.m.c.i.embedder.EclipseLogger - Copying 0 resource
2016-04-17 00:34:05,093 [Worker-109] WARN  o.e.m.c.i.embedder.EclipseLogger - Using platform encoding (UTF-8 actually) to copy filtered resources, i.e. build is platform dependent!
2016-04-17 00:34:05,094 [Worker-109] INFO  o.e.m.c.i.embedder.EclipseLogger - skip non existing resourceDirectory /Users/milopreet/Documents/workspace_temporary_delete_later/HibernateMaven2/src/test/resources
2016-04-17 00:34:05,094 [Worker-109] INFO  o.e.m.w.i.f.ResourceFilteringBuildParticipant - Changed resources require a complete clean of filtered resources of HibernateMaven2
2016-04-17 00:34:05,094 [Worker-109] INFO  o.e.m.w.i.f.ResourceFilteringBuildParticipant - Executing resource filtering for HibernateMaven2
2016-04-17 00:34:05,097 [Worker-109] WARN  o.e.m.c.i.embedder.EclipseLogger - Using platform encoding (UTF-8 actually) to copy filtered resources, i.e. build is platform dependent!
2016-04-17 00:34:06,151 [Worker-104] WARN  o.e.m.c.i.embedder.EclipseLogger - Using platform encoding (UTF-8 actually) to copy filtered resources, i.e. build is platform dependent!
2016-04-17 00:34:06,152 [Worker-104] INFO  o.e.m.c.i.embedder.EclipseLogger - Copying 2 resources
2016-04-17 00:34:06,159 [Worker-104] WARN  o.e.m.c.i.embedder.EclipseLogger - Using platform encoding (UTF-8 actually) to copy filtered resources, i.e. build is platform dependent!
2016-04-17 00:34:06,159 [Worker-104] INFO  o.e.m.c.i.embedder.EclipseLogger - skip non existing resourceDirectory /Users/milopreet/Documents/workspace_temporary_delete_later/HibernateMaven2/src/test/resources
2016-04-17 00:34:42,667 [Worker-108] INFO  o.e.m.c.i.l.LifecycleMappingFactory - Using org.maven.ide.eclipse.wtp.WarLifecycleMapping lifecycle mapping for MavenProject: HibernateMaven2:HibernateMaven2:0.0.1-SNAPSHOT @ /Users/milopreet/Documents/workspace_temporary_delete_later/HibernateMaven2/pom.xml.
2016-04-17 00:34:42,922 [Worker-108] WARN  o.e.m.c.i.embedder.EclipseLogger - Using platform encoding (UTF-8 actually) to copy filtered resources, i.e. build is platform dependent!
2016-04-17 00:34:42,922 [Worker-108] INFO  o.e.m.c.i.embedder.EclipseLogger - skip non existing resourceDirectory /Users/milopreet/Documents/workspace_temporary_delete_later/HibernateMaven2/src/main/resources
2016-04-17 00:34:42,923 [Worker-108] WARN  o.e.m.c.i.embedder.EclipseLogger - Using platform encoding (UTF-8 actually) to copy filtered resources, i.e. build is platform dependent!
2016-04-17 00:34:42,924 [Worker-108] INFO  o.e.m.c.i.embedder.EclipseLogger - skip non existing resourceDirectory /Users/milopreet/Documents/workspace_temporary_delete_later/HibernateMaven2/src/test/resources
2016-04-17 00:34:42,924 [Worker-108] INFO  o.e.m.w.i.f.ResourceFilteringBuildParticipant - Changed resources require a complete clean of filtered resources of HibernateMaven2
2016-04-17 00:34:42,924 [Worker-108] INFO  o.e.m.w.i.f.ResourceFilteringBuildParticipant - Executing resource filtering for HibernateMaven2
2016-04-17 00:34:42,931 [Worker-108] WARN  o.e.m.c.i.embedder.EclipseLogger - Using platform encoding (UTF-8 actually) to copy filtered resources, i.e. build is platform dependent!
2016-04-17 00:34:58,397 [Worker-111] INFO  o.e.m.i.launch.MavenLaunchDelegate - /Users/milopreet/Documents/workspace_temporary_delete_later/HibernateMaven2
2016-04-17 00:34:58,397 [Worker-111] INFO  o.e.m.i.launch.MavenLaunchDelegate -  mvn  -B install
2016-04-17 00:35:00,553 [Worker-109] WARN  o.e.m.c.i.embedder.EclipseLogger - Using platform encoding (UTF-8 actually) to copy filtered resources, i.e. build is platform dependent!
2016-04-17 00:35:00,554 [Worker-109] INFO  o.e.m.c.i.embedder.EclipseLogger - skip non existing resourceDirectory /Users/milopreet/Documents/workspace_temporary_delete_later/HibernateMaven2/src/main/resources
2016-04-17 00:35:00,554 [Worker-109] WARN  o.e.m.c.i.embedder.EclipseLogger - Using platform encoding (UTF-8 actually) to copy filtered resources, i.e. build is platform dependent!
2016-04-17 00:35:00,554 [Worker-109] INFO  o.e.m.c.i.embedder.EclipseLogger - skip non existing resourceDirectory /Users/milopreet/Documents/workspace_temporary_delete_later/HibernateMaven2/src/test/resources
2016-04-17 00:38:49,492 [Worker-100] INFO  o.e.m.c.i.l.LifecycleMappingFactory - Using org.maven.ide.eclipse.wtp.WarLifecycleMapping lifecycle mapping for MavenProject: HibernateMaven2:HibernateMaven2:0.0.1-SNAPSHOT @ /Users/milopreet/Documents/workspace_temporary_delete_later/HibernateMaven2/pom.xml.
2016-04-17 00:38:49,768 [Worker-100] WARN  o.e.m.c.i.embedder.EclipseLogger - Using platform encoding (UTF-8 actually) to copy filtered resources, i.e. build is platform dependent!
2016-04-17 00:38:49,769 [Worker-100] INFO  o.e.m.c.i.embedder.EclipseLogger - skip non existing resourceDirectory /Users/milopreet/Documents/workspace_temporary_delete_later/HibernateMaven2/src/main/resources
2016-04-17 00:38:49,772 [Worker-100] WARN  o.e.m.c.i.embedder.EclipseLogger - Using platform encoding (UTF-8 actually) to copy filtered resources, i.e. build is platform dependent!
2016-04-17 00:38:49,772 [Worker-100] INFO  o.e.m.c.i.embedder.EclipseLogger - skip non existing resourceDirectory /Users/milopreet/Documents/workspace_temporary_delete_later/HibernateMaven2/src/test/resources
2016-04-17 00:38:49,772 [Worker-100] INFO  o.e.m.w.i.f.ResourceFilteringBuildParticipant - Changed resources require a complete clean of filtered resources of HibernateMaven2
2016-04-17 00:38:49,772 [Worker-100] INFO  o.e.m.w.i.f.ResourceFilteringBuildParticipant - Executing resource filtering for HibernateMaven2
2016-04-17 00:38:49,780 [Worker-100] WARN  o.e.m.c.i.embedder.EclipseLogger - Using platform encoding (UTF-8 actually) to copy filtered resources, i.e. build is platform dependent!
2016-04-17 00:39:01,250 [Worker-100] INFO  o.e.m.i.launch.MavenLaunchDelegate - /Users/milopreet/Documents/workspace_temporary_delete_later/HibernateMaven2
2016-04-17 00:39:01,251 [Worker-100] INFO  o.e.m.i.launch.MavenLaunchDelegate -  mvn  -B install
2016-04-17 00:39:03,391 [Worker-106] WARN  o.e.m.c.i.embedder.EclipseLogger - Using platform encoding (UTF-8 actually) to copy filtered resources, i.e. build is platform dependent!
2016-04-17 00:39:03,391 [Worker-106] INFO  o.e.m.c.i.embedder.EclipseLogger - skip non existing resourceDirectory /Users/milopreet/Documents/workspace_temporary_delete_later/HibernateMaven2/src/main/resources
2016-04-17 00:39:03,392 [Worker-106] WARN  o.e.m.c.i.embedder.EclipseLogger - Using platform encoding (UTF-8 actually) to copy filtered resources, i.e. build is platform dependent!
2016-04-17 00:39:03,392 [Worker-106] INFO  o.e.m.c.i.embedder.EclipseLogger - skip non existing resourceDirectory /Users/milopreet/Documents/workspace_temporary_delete_later/HibernateMaven2/src/test/resources
2016-04-17 09:15:29,362 [Worker-7] WARN  o.e.m.c.i.embedder.EclipseLogger - Using platform encoding (UTF-8 actually) to copy filtered resources, i.e. build is platform dependent!
2016-04-17 09:15:29,372 [Worker-7] INFO  o.e.m.c.i.embedder.EclipseLogger - skip non existing resourceDirectory /Users/milopreet/Documents/workspace_temporary_delete_later/HibernateMaven2/src/main/resources
2016-04-17 09:15:29,374 [Worker-7] WARN  o.e.m.c.i.embedder.EclipseLogger - Using platform encoding (UTF-8 actually) to copy filtered resources, i.e. build is platform dependent!
2016-04-17 09:15:29,375 [Worker-7] INFO  o.e.m.c.i.embedder.EclipseLogger - skip non existing resourceDirectory /Users/milopreet/Documents/workspace_temporary_delete_later/HibernateMaven2/src/test/resources
2016-04-17 10:58:41,777 [Worker-10] WARN  o.e.m.c.i.embedder.EclipseLogger - Using platform encoding (UTF-8 actually) to copy filtered resources, i.e. build is platform dependent!
2016-04-17 10:58:41,780 [Worker-10] INFO  o.e.m.c.i.embedder.EclipseLogger - skip non existing resourceDirectory /Users/milopreet/Documents/workspace_temporary_delete_later/HibernateMaven2/src/main/resources
2016-04-17 10:58:41,782 [Worker-10] WARN  o.e.m.c.i.embedder.EclipseLogger - Using platform encoding (UTF-8 actually) to copy filtered resources, i.e. build is platform dependent!
2016-04-17 10:58:41,782 [Worker-10] INFO  o.e.m.c.i.embedder.EclipseLogger - skip non existing resourceDirectory /Users/milopreet/Documents/workspace_temporary_delete_later/HibernateMaven2/src/test/resources
2016-04-18 14:20:50,431 [Worker-6] WARN  o.e.m.c.i.embedder.EclipseLogger - Using platform encoding (UTF-8 actually) to copy filtered resources, i.e. build is platform dependent!
2016-04-18 14:20:50,436 [Worker-6] INFO  o.e.m.c.i.embedder.EclipseLogger - skip non existing resourceDirectory /Users/milopreet/Documents/code/Java/Learning2_workspace/HibernateMaven2/src/main/resources
2016-04-18 14:20:50,439 [Worker-6] WARN  o.e.m.c.i.embedder.EclipseLogger - Using platform encoding (UTF-8 actually) to copy filtered resources, i.e. build is platform dependent!
2016-04-18 14:20:50,440 [Worker-6] INFO  o.e.m.c.i.embedder.EclipseLogger - skip non existing resourceDirectory /Users/milopreet/Documents/code/Java/Learning2_workspace/HibernateMaven2/src/test/resources
